<?xml version="1.0" encoding="UTF-8"?>
<!-- Generated by org.testng.reporters.JUnitReportReporter -->
<testsuite name="com.codistan.qaclass1.orbitz.OrbitzRunner" tests="1" time="4.916" ignored="0" failures="0" timestamp="08 Feb 2018 19:53:05 GMT" skipped="0" hostname="KASIAs-MacBook-Air.local" errors="0">
  <testcase name="orbitzFlightPage" time="4.916" classname="com.codistan.qaclass1.orbitz.OrbitzRunner"/>
</testsuite> <!-- com.codistan.qaclass1.orbitz.OrbitzRunner -->
